2025-09-01 09:31:30.268 [info] Extension host with pid 11441 started
2025-09-01 09:31:30.268 [error] Error: EEXIST: file already exists, open '/home/vsysuser/workspace/.vscode-server-oss/data/User/workspaceStorage/655b8ca8/vscode.lock'
2025-09-01 09:31:30.268 [info] Lock '/home/vsysuser/workspace/.vscode-server-oss/data/User/workspaceStorage/655b8ca8/vscode.lock': Could not acquire lock, checking if the file is stale.
2025-09-01 09:31:30.357 [info] Lock '/home/vsysuser/workspace/.vscode-server-oss/data/User/workspaceStorage/655b8ca8/vscode.lock': The lock does not look stale, elapsed: 401 ms, giving up.
2025-09-01 09:31:30.358 [error] Error: EEXIST: file already exists, open '/home/vsysuser/workspace/.vscode-server-oss/data/User/workspaceStorage/655b8ca8-1/vscode.lock'
2025-09-01 09:31:30.363 [info] Lock '/home/vsysuser/workspace/.vscode-server-oss/data/User/workspaceStorage/655b8ca8-1/vscode.lock': Could not acquire lock, checking if the file is stale.
2025-09-01 09:31:30.364 [info] Lock '/home/vsysuser/workspace/.vscode-server-oss/data/User/workspaceStorage/655b8ca8-1/vscode.lock': The lock does not look stale, elapsed: 199 ms, giving up.
2025-09-01 09:31:30.454 [info] Lock '/home/vsysuser/workspace/.vscode-server-oss/data/User/workspaceStorage/655b8ca8-2/vscode.lock': Lock acquired.
2025-09-01 09:31:31.172 [info] ExtensionService#_doActivateExtension vscode.configuration-editing, startup: false, activationEvent: 'onLanguage:json'
2025-09-01 09:31:31.183 [info] ExtensionService#_doActivateExtension vscode.extension-editing, startup: false, activationEvent: 'onLanguage:json'
2025-09-01 09:31:31.184 [info] ExtensionService#_doActivateExtension vscode.json-language-features, startup: false, activationEvent: 'onLanguage:json'
2025-09-01 09:31:31.185 [info] ExtensionService#_doActivateExtension vscode.npm, startup: false, activationEvent: 'onLanguage:json'
2025-09-01 09:31:31.185 [info] ExtensionService#_doActivateExtension vscode.emmet, startup: false, activationEvent: 'onLanguage'
2025-09-01 09:31:32.887 [info] ExtensionService#_doActivateExtension vscode.git-base, startup: true, activationEvent: '*', root cause: vscode.git
2025-09-01 09:31:33.966 [info] ExtensionService#_doActivateExtension vscode.git, startup: true, activationEvent: '*'
2025-09-01 09:31:33.982 [info] ExtensionService#_doActivateExtension vscode.github, startup: true, activationEvent: '*'
2025-09-01 09:31:35.890 [info] Eager extensions activated
2025-09-01 09:31:35.891 [info] ExtensionService#_doActivateExtension vscode.debug-auto-launch, startup: false, activationEvent: 'onStartupFinished'
2025-09-01 09:31:35.951 [info] ExtensionService#_doActivateExtension vscode.merge-conflict, startup: false, activationEvent: 'onStartupFinished'
2025-09-01 09:31:35.952 [info] ExtensionService#_doActivateExtension vyomasystems.functional-coverage-viewer, startup: false, activationEvent: 'onStartupFinished'
2025-09-01 09:31:37.151 [info] ExtensionService#_doActivateExtension vscode.terminal-suggest, startup: false, activationEvent: 'onTerminalShellIntegration:*'
2025-09-01 09:31:38.024 [info] Extension host terminating: received terminate message from renderer
2025-09-01 09:31:38.028 [info] Lock '/home/vsysuser/workspace/.vscode-server-oss/data/User/workspaceStorage/655b8ca8-2/vscode.lock': Marking the lockfile as scheduled to be released in 6000 ms.
2025-09-01 09:31:38.057 [info] Extension host with pid 11441 exiting with code 0
