2025-09-02 06:58:56.882 [info] Extension host with pid 12015 started
2025-09-02 06:58:56.884 [info] Lock '/home/vsysuser/workspace/.vscode-server-oss/data/User/workspaceStorage/655b8ca8/vscode.lock': Lock acquired.
2025-09-02 06:58:57.384 [info] ExtensionService#_doActivateExtension vscode.configuration-editing, startup: false, activationEvent: 'onLanguage:json'
2025-09-02 06:58:57.387 [info] ExtensionService#_doActivateExtension vscode.extension-editing, startup: false, activationEvent: 'onLanguage:json'
2025-09-02 06:58:57.387 [info] ExtensionService#_doActivateExtension vscode.json-language-features, startup: false, activationEvent: 'onLanguage:json'
2025-09-02 06:58:57.388 [info] ExtensionService#_doActivateExtension vscode.npm, startup: false, activationEvent: 'onLanguage:json'
2025-09-02 06:58:57.389 [info] ExtensionService#_doActivateExtension vscode.emmet, startup: false, activationEvent: 'onLanguage'
2025-09-02 06:58:58.422 [info] ExtensionService#_doActivateExtension vscode.git-base, startup: true, activationEvent: '*', root cause: vscode.git
2025-09-02 06:58:58.796 [info] ExtensionService#_doActivateExtension vscode.git, startup: true, activationEvent: '*'
2025-09-02 06:58:58.797 [info] ExtensionService#_doActivateExtension vscode.github, startup: true, activationEvent: '*'
2025-09-02 06:58:59.585 [info] Eager extensions activated
2025-09-02 06:58:59.585 [info] ExtensionService#_doActivateExtension vscode.debug-auto-launch, startup: false, activationEvent: 'onStartupFinished'
2025-09-02 06:58:59.586 [info] ExtensionService#_doActivateExtension vscode.merge-conflict, startup: false, activationEvent: 'onStartupFinished'
2025-09-02 06:58:59.587 [info] ExtensionService#_doActivateExtension vyomasystems.functional-coverage-viewer, startup: false, activationEvent: 'onStartupFinished'
2025-09-02 06:59:03.586 [info] ExtensionService#_doActivateExtension vscode.terminal-suggest, startup: false, activationEvent: 'onTerminalShellIntegration:*'
2025-09-02 07:30:45.591 [info] ExtensionService#_doActivateExtension vscode.debug-server-ready, startup: false, activationEvent: 'onDebugResolve'
2025-09-02 09:16:32.481 [info] ExtensionService#_doActivateExtension vscode.github-authentication, startup: false, activationEvent: 'onAuthenticationRequest:github'
2025-09-02 09:20:46.585 [warning] [Decorations] CAPPING events from decorations provider vscode.git 3690
2025-09-02 09:21:00.588 [warning] [Decorations] CAPPING events from decorations provider vscode.git 3690
2025-09-02 09:21:05.678 [warning] [Decorations] CAPPING events from decorations provider vscode.git 3690
2025-09-02 09:21:19.954 [warning] [Decorations] CAPPING events from decorations provider vscode.git 3690
2025-09-02 09:21:41.361 [warning] [Decorations] CAPPING events from decorations provider vscode.git 3690
2025-09-02 09:21:59.484 [warning] [Decorations] CAPPING events from decorations provider vscode.git 3690
2025-09-02 09:22:06.360 [warning] [Decorations] CAPPING events from decorations provider vscode.git 3690
