2025-09-02 06:54:27.556 [info] Extension host with pid 11936 started
2025-09-02 06:54:27.562 [info] Lock '/home/vsysuser/workspace/.vscode-server-oss/data/User/workspaceStorage/655b8ca8/vscode.lock': Lock acquired.
2025-09-02 06:54:28.659 [info] ExtensionService#_doActivateExtension vscode.git-base, startup: true, activationEvent: '*', root cause: vscode.git
2025-09-02 06:54:29.159 [info] ExtensionService#_doActivateExtension vscode.git, startup: true, activationEvent: '*'
2025-09-02 06:54:29.161 [info] ExtensionService#_doActivateExtension vscode.github, startup: true, activationEvent: '*'
2025-09-02 06:54:30.182 [info] ExtensionService#_doActivateExtension vscode.terminal-suggest, startup: false, activationEvent: 'onTerminalShellIntegration:*'
2025-09-02 06:54:32.062 [info] Eager extensions activated
2025-09-02 06:54:32.062 [info] ExtensionService#_doActivateExtension vscode.debug-auto-launch, startup: false, activationEvent: 'onStartupFinished'
2025-09-02 06:54:32.063 [info] ExtensionService#_doActivateExtension vscode.merge-conflict, startup: false, activationEvent: 'onStartupFinished'
2025-09-02 06:54:32.063 [info] ExtensionService#_doActivateExtension vyomasystems.functional-coverage-viewer, startup: false, activationEvent: 'onStartupFinished'
2025-09-02 06:54:32.496 [info] ExtensionService#_doActivateExtension vscode.emmet, startup: false, activationEvent: 'onLanguage'
2025-09-02 06:54:36.601 [info] ExtensionService#_doActivateExtension vscode.configuration-editing, startup: false, activationEvent: 'onLanguage:json'
2025-09-02 06:54:36.602 [info] ExtensionService#_doActivateExtension vscode.extension-editing, startup: false, activationEvent: 'onLanguage:json'
2025-09-02 06:54:36.603 [info] ExtensionService#_doActivateExtension vscode.json-language-features, startup: false, activationEvent: 'onLanguage:json'
2025-09-02 06:54:36.603 [info] ExtensionService#_doActivateExtension vscode.npm, startup: false, activationEvent: 'onLanguage:json'
2025-09-02 06:54:44.857 [info] Extension host terminating: received terminate message from renderer
2025-09-02 06:54:44.858 [info] Lock '/home/vsysuser/workspace/.vscode-server-oss/data/User/workspaceStorage/655b8ca8/vscode.lock': Marking the lockfile as scheduled to be released in 6000 ms.
2025-09-02 06:54:44.875 [error] [vscode.json-language-features] provider FAILED
2025-09-02 06:54:44.875 [error] Error: Channel has been closed
	at n (file:///home/.vsysuser/out/vs/workbench/api/node/extensionHostProcess.js:120:2816)
	at Object.error (file:///home/.vsysuser/out/vs/workbench/api/node/extensionHostProcess.js:120:3250)
	at T.error (/home/.vsysuser/extensions/json-language-features/client/dist/node/jsonClientMain.js:2:44894)
	at T.handleFailedRequest (/home/.vsysuser/extensions/json-language-features/client/dist/node/jsonClientMain.js:2:69107)
	at /home/.vsysuser/extensions/json-language-features/client/dist/node/jsonClientMain.js:2:467470
	at async hA.provideColors (file:///home/.vsysuser/out/vs/workbench/api/node/extensionHostProcess.js:140:151367)
2025-09-02 06:54:44.877 [info] Extension host with pid 11936 exiting with code 0
