2025-09-02 06:54:32.654 [info] [main] Log level: Info
2025-09-02 06:54:32.654 [info] [main] Validating found git in: "git"
2025-09-02 06:54:32.654 [info] [main] Using git "2.43.0" from "git"
2025-09-02 06:54:32.654 [info] [Model][doInitialScan] Initial repository scan started
2025-09-02 06:54:32.654 [info] > git rev-parse --show-toplevel [62ms]
2025-09-02 06:54:32.654 [info] fatal: not a git repository (or any of the parent directories): .git
2025-09-02 06:54:32.654 [info] > git rev-parse --show-toplevel [438ms]
2025-09-02 06:54:32.654 [info] fatal: not a git repository (or any of the parent directories): .git
2025-09-02 06:54:32.654 [info] > git rev-parse --show-toplevel [3ms]
2025-09-02 06:54:32.654 [info] fatal: not a git repository (or any of the parent directories): .git
2025-09-02 06:54:32.654 [info] > git rev-parse --show-toplevel [5ms]
2025-09-02 06:54:32.654 [info] fatal: not a git repository (or any of the parent directories): .git
2025-09-02 06:54:32.654 [info] > git rev-parse --show-toplevel [96ms]
2025-09-02 06:54:32.654 [info] fatal: not a git repository (or any of the parent directories): .git
2025-09-02 06:54:32.654 [info] [Model][doInitialScan] Initial repository scan completed - repositories (0), closed repositories (0), parent repositories (0), unsafe repositories (0)
2025-09-02 06:54:32.654 [info] > git rev-parse --show-toplevel [7ms]
2025-09-02 06:54:32.654 [info] fatal: not a git repository (or any of the parent directories): .git
2025-09-02 06:54:32.889 [info] > git rev-parse --show-toplevel [24ms]
2025-09-02 06:54:32.889 [info] fatal: not a git repository (or any of the parent directories): .git
2025-09-02 06:54:35.257 [info] > git rev-parse --show-toplevel [1ms]
2025-09-02 06:54:35.257 [info] fatal: not a git repository (or any of the parent directories): .git
2025-09-02 06:54:37.066 [info] > git rev-parse --show-toplevel [3ms]
2025-09-02 06:54:37.066 [info] fatal: not a git repository (or any of the parent directories): .git
