2025-09-01 09:16:59.299 [info] Extension host with pid 423 started
2025-09-01 09:16:59.299 [error] Error: EEXIST: file already exists, open '/home/vsysuser/workspace/.vscode-server-oss/data/User/workspaceStorage/655b8ca8/vscode.lock'
2025-09-01 09:16:59.299 [info] Lock '/home/vsysuser/workspace/.vscode-server-oss/data/User/workspaceStorage/655b8ca8/vscode.lock': Could not acquire lock, checking if the file is stale.
2025-09-01 09:16:59.300 [info] Lock '/home/vsysuser/workspace/.vscode-server-oss/data/User/workspaceStorage/655b8ca8/vscode.lock': The lock does not look stale, elapsed: 235 ms, giving up.
2025-09-01 09:16:59.314 [info] Lock '/home/vsysuser/workspace/.vscode-server-oss/data/User/workspaceStorage/655b8ca8-1/vscode.lock': Lock acquired.
2025-09-01 09:16:59.995 [info] ExtensionService#_doActivateExtension vscode.git-base, startup: true, activationEvent: '*', root cause: vscode.git
2025-09-01 09:17:00.683 [info] ExtensionService#_doActivateExtension vscode.git, startup: true, activationEvent: '*'
2025-09-01 09:17:00.684 [info] ExtensionService#_doActivateExtension vscode.github, startup: true, activationEvent: '*'
2025-09-01 09:17:01.695 [info] Eager extensions activated
2025-09-01 09:17:01.696 [info] ExtensionService#_doActivateExtension vscode.debug-auto-launch, startup: false, activationEvent: 'onStartupFinished'
2025-09-01 09:17:01.697 [info] ExtensionService#_doActivateExtension vscode.merge-conflict, startup: false, activationEvent: 'onStartupFinished'
2025-09-01 09:17:01.698 [info] ExtensionService#_doActivateExtension vyomasystems.functional-coverage-viewer, startup: false, activationEvent: 'onStartupFinished'
2025-09-01 09:17:03.951 [info] ExtensionService#_doActivateExtension vscode.terminal-suggest, startup: false, activationEvent: 'onTerminalShellIntegration:*'
2025-09-01 09:17:35.730 [info] ExtensionService#_doActivateExtension vscode.emmet, startup: false, activationEvent: 'onLanguage'
2025-09-01 09:19:27.269 [info] ExtensionService#_doActivateExtension vscode.npm, startup: false, activationEvent: 'onTerminalQuickFixRequest:ms-vscode.npm-command'
2025-09-01 09:29:40.350 [info] ExtensionService#_doActivateExtension vscode.configuration-editing, startup: false, activationEvent: 'onLanguage:json'
2025-09-01 09:29:40.352 [info] ExtensionService#_doActivateExtension vscode.extension-editing, startup: false, activationEvent: 'onLanguage:json'
2025-09-01 09:29:40.353 [info] ExtensionService#_doActivateExtension vscode.json-language-features, startup: false, activationEvent: 'onLanguage:json'
2025-09-01 10:33:00.738 [info] Extension host terminating: received terminate message from renderer
2025-09-01 10:33:00.740 [info] Lock '/home/vsysuser/workspace/.vscode-server-oss/data/User/workspaceStorage/655b8ca8-1/vscode.lock': Marking the lockfile as scheduled to be released in 6000 ms.
2025-09-01 10:33:00.762 [info] Extension host with pid 423 exiting with code 0
