2025-09-02 09:16:51.082 [info] Reading sessions from keychain...
2025-09-02 09:16:51.082 [info] Getting sessions for all scopes...
2025-09-02 09:16:51.082 [info] Got 0 sessions for ...
2025-09-02 09:16:51.082 [info] Getting sessions for all scopes...
2025-09-02 09:16:51.082 [info] Got 0 sessions for ...
2025-09-02 09:16:51.082 [info] Getting sessions for all scopes...
2025-09-02 09:16:51.082 [info] Got 0 sessions for ...
2025-09-02 09:16:51.082 [info] Getting sessions for all scopes...
2025-09-02 09:16:51.082 [info] Got 0 sessions for ...
2025-09-02 09:16:51.082 [info] Getting sessions for all scopes...
2025-09-02 09:16:51.082 [info] Got 0 sessions for ...
2025-09-02 09:16:53.650 [info] Getting sessions for read:user,repo,user:email,workflow...
2025-09-02 09:16:53.650 [info] Got 0 sessions for read:user,repo,user:email,workflow...
2025-09-02 09:16:53.650 [info] Getting sessions for read:user,repo,user:email,workflow...
2025-09-02 09:16:53.650 [info] Got 0 sessions for read:user,repo,user:email,workflow...
2025-09-02 09:16:59.717 [info] Logging in with 'any' account...
2025-09-02 09:16:59.717 [info] Logging in for the following scopes: read:user repo user:email workflow
2025-09-02 09:16:59.820 [info] Trying device code flow... (read:user repo user:email workflow)
2025-09-02 09:18:02.320 [info] Getting user info...
2025-09-02 09:18:02.880 [info] Got account info!
2025-09-02 09:18:02.881 [info] Storing 1 sessions...
2025-09-02 09:18:02.922 [info] Reading sessions from keychain...
2025-09-02 09:18:02.922 [info] Stored 1 sessions!
2025-09-02 09:18:02.922 [info] Login success!
2025-09-02 09:18:02.963 [info] Got stored sessions!
2025-09-02 09:18:02.964 [info] Got 1 verified sessions.
2025-09-02 09:18:03.090 [info] Getting sessions for read:user,repo,user:email,workflow...
2025-09-02 09:18:03.091 [info] Got 1 sessions for read:user,repo,user:email,workflow...
